Watching for file changes with StatReloader
Performing system checks...

System check identified no issues (0 silenced).
September 07, 2021 - 05:36:37
Django version 3.2.6, using settings 'first_homePage.settings'
Starting development server at http://0.0.0.0:8000/
Quit the server with CONTROL-C.
[07/Sep/2021 06:48:05] "POST /dontgiveup/goShop HTTP/1.1" 200 15379
[07/Sep/2021 06:48:05] "GET /static/css/styles.css HTTP/1.1" 304 0
[07/Sep/2021 06:48:05] "GET /static/js/scripts.js HTTP/1.1" 304 0
[07/Sep/2021 06:48:05] "GET /static/images/33.PNG HTTP/1.1" 304 0
[07/Sep/2021 06:48:05] "GET /static/images/22.PNG HTTP/1.1" 304 0
[07/Sep/2021 06:48:05] "GET /static/images/55.PNG HTTP/1.1" 304 0
[07/Sep/2021 06:48:05] "GET /static/images/11.PNG HTTP/1.1" 304 0
[07/Sep/2021 06:48:05] "GET /static/images/44.PNG HTTP/1.1" 304 0
[07/Sep/2021 06:48:05] "GET /static/images/77.PNG HTTP/1.1" 304 0
[07/Sep/2021 06:48:05] "GET /static/images/6.PNG HTTP/1.1" 304 0
[07/Sep/2021 06:48:05] "GET /static/images/88.PNG HTTP/1.1" 304 0
[07/Sep/2021 06:48:09] "GET /admin/member/user/96/change/ HTTP/1.1" 200 6945
[07/Sep/2021 06:48:09] "GET /static/admin/css/base.css HTTP/1.1" 304 0
[07/Sep/2021 06:48:09] "GET /static/admin/css/nav_sidebar.css HTTP/1.1" 304 0
[07/Sep/2021 06:48:09] "GET /static/admin/css/responsive.css HTTP/1.1" 304 0
[07/Sep/2021 06:48:09] "GET /admin/jsi18n/ HTTP/1.1" 200 8330
[07/Sep/2021 06:48:09] "GET /static/admin/css/fonts.css HTTP/1.1" 304 0
[07/Sep/2021 06:48:09] "GET /static/admin/js/nav_sidebar.js HTTP/1.1" 304 0
[07/Sep/2021 06:48:09] "GET /static/admin/img/icon-addlink.svg HTTP/1.1" 304 0
[07/Sep/2021 06:48:09] "GET /static/admin/fonts/Roboto-Light-webfont.woff HTTP/1.1" 304 0
[07/Sep/2021 06:48:09] "GET /static/admin/fonts/Roboto-Bold-webfont.woff HTTP/1.1" 304 0
[07/Sep/2021 06:48:09] "GET /static/admin/fonts/Roboto-Regular-webfont.woff HTTP/1.1" 304 0
[07/Sep/2021 06:48:17] "GET /dontgiveup/register HTTP/1.1" 200 3453
[07/Sep/2021 06:48:28] "GET /admin/member/user/ HTTP/1.1" 200 6146
[07/Sep/2021 06:48:28] "GET /admin/jsi18n/ HTTP/1.1" 200 8330
[07/Sep/2021 06:48:30] "GET /admin/member/user/96/change/ HTTP/1.1" 200 6945
[07/Sep/2021 06:48:30] "GET /admin/jsi18n/ HTTP/1.1" 200 8330
저장됨?
User object (98)
[07/Sep/2021 06:48:41] "POST /dontgiveup/registered HTTP/1.1" 200 763
[07/Sep/2021 06:48:43] "GET /dontgiveup/login HTTP/1.1" 200 2323
<QuerySet [<User: User object (98)>]>
로그인 성공
<QuerySet [<User: User object (98)>]>
User object (98)
User object (98)
[07/Sep/2021 06:49:04] "POST /dontgiveup/logged HTTP/1.1" 200 3654
호출됨
[07/Sep/2021 06:49:10] "POST /dontgiveup/update HTTP/1.1" 200 2323
<QuerySet [<User: User object (98)>]>
로그인 성공
<QuerySet [<User: User object (98)>]>
User object (98)
User object (98)
[07/Sep/2021 06:49:16] "POST /dontgiveup/logged HTTP/1.1" 200 3654
[07/Sep/2021 06:49:19] "POST /dontgiveup/goShop HTTP/1.1" 200 15379
<QuerySet []>
로그인 실패
[07/Sep/2021 06:49:34] "GET /dontgiveup/logged HTTP/1.1" 200 605
[07/Sep/2021 06:53:50] "POST /dontgiveup/goShop HTTP/1.1" 200 15446
[07/Sep/2021 06:58:00] "POST /dontgiveup/goShop HTTP/1.1" 200 15446
[07/Sep/2021 06:58:07] "POST /dontgiveup/goShop HTTP/1.1" 200 15519
[07/Sep/2021 06:58:59] "POST /dontgiveup/goShop HTTP/1.1" 200 15523
[07/Sep/2021 07:00:04] "POST /dontgiveup/goShop HTTP/1.1" 200 15522
[07/Sep/2021 07:01:10] "POST /dontgiveup/goShop HTTP/1.1" 200 15526
Invalid HTTP_HOST header: 'www.baidu.com'. You may need to add 'www.baidu.com' to ALLOWED_HOSTS.
Bad Request: /http:/www.baidu.com/cache/global/img/gs.gif
[07/Sep/2021 07:01:34] "GET http://www.baidu.com/cache/global/img/gs.gif HTTP/1.1" 400 61831
[07/Sep/2021 07:04:17] "POST /dontgiveup/goShop HTTP/1.1" 200 15551
[07/Sep/2021 07:04:17] "GET /static/images/11.PNG HTTP/1.1" 304 0
[07/Sep/2021 07:04:17] "GET /static/images/22.PNG HTTP/1.1" 304 0
[07/Sep/2021 07:04:17] "GET /static/images/33.PNG HTTP/1.1" 304 0
[07/Sep/2021 07:04:17] "GET /static/images/44.PNG HTTP/1.1" 304 0
[07/Sep/2021 07:04:17] "GET /static/images/55.PNG HTTP/1.1" 304 0
[07/Sep/2021 07:04:17] "GET /static/images/6.PNG HTTP/1.1" 304 0
[07/Sep/2021 07:04:17] "GET /static/images/77.PNG HTTP/1.1" 304 0
[07/Sep/2021 07:04:17] "GET /static/images/88.PNG HTTP/1.1" 304 0
[07/Sep/2021 07:05:17] "POST /dontgiveup/goShop HTTP/1.1" 200 15588
[07/Sep/2021 07:07:20] "POST /dontgiveup/goShop HTTP/1.1" 200 15615
<QuerySet []>
로그인 실패
[07/Sep/2021 07:39:35] "GET /dontgiveup/logged HTTP/1.1" 200 605
[07/Sep/2021 07:39:50] "GET /admin/member/user/96/change/ HTTP/1.1" 200 6945
[07/Sep/2021 07:39:50] "GET /admin/jsi18n/ HTTP/1.1" 200 8330
[07/Sep/2021 07:39:52] "GET /admin/member/user/ HTTP/1.1" 200 6363
[07/Sep/2021 07:39:52] "GET /admin/jsi18n/ HTTP/1.1" 200 8330
[07/Sep/2021 07:54:14] "GET /dontgiveup/goShop? HTTP/1.1" 200 15615
[07/Sep/2021 07:54:14] "GET /static/css/styles.css HTTP/1.1" 304 0
[07/Sep/2021 07:54:14] "GET /static/js/scripts.js HTTP/1.1" 304 0
[07/Sep/2021 07:54:14] "GET /static/images/11.PNG HTTP/1.1" 304 0
[07/Sep/2021 07:54:14] "GET /static/images/22.PNG HTTP/1.1" 304 0
[07/Sep/2021 07:54:14] "GET /static/images/33.PNG HTTP/1.1" 304 0
[07/Sep/2021 07:54:14] "GET /static/images/44.PNG HTTP/1.1" 304 0
[07/Sep/2021 07:54:14] "GET /static/images/55.PNG HTTP/1.1" 304 0
[07/Sep/2021 07:54:14] "GET /static/images/6.PNG HTTP/1.1" 304 0
[07/Sep/2021 07:54:14] "GET /static/images/77.PNG HTTP/1.1" 304 0
[07/Sep/2021 07:54:14] "GET /static/images/88.PNG HTTP/1.1" 304 0
[07/Sep/2021 07:54:15] "GET /dontgiveup/goShop? HTTP/1.1" 200 15615
[07/Sep/2021 07:57:15] "GET /dontgiveup/goShop? HTTP/1.1" 200 15578
[07/Sep/2021 07:57:34] "GET /dontgiveup/goShop? HTTP/1.1" 200 15581
[07/Sep/2021 07:57:58] "GET /dontgiveup/goShop? HTTP/1.1" 200 15564
[07/Sep/2021 07:58:05] "GET /dontgiveup/goShop? HTTP/1.1" 200 15567
[07/Sep/2021 07:59:35] "GET /dontgiveup/goShop? HTTP/1.1" 200 15586
[07/Sep/2021 08:15:29] "GET /admin/member/user/ HTTP/1.1" 200 6363
[07/Sep/2021 08:15:29] "GET /admin/jsi18n/ HTTP/1.1" 200 8330
[07/Sep/2021 09:57:15] "GET /dontgiveup/register HTTP/1.1" 200 3453
저장됨?
User object (99)
[07/Sep/2021 09:57:28] "POST /dontgiveup/registered HTTP/1.1" 200 764
[07/Sep/2021 09:57:33] "GET /dontgiveup/login HTTP/1.1" 200 2323
<QuerySet []>
로그인 실패
[07/Sep/2021 09:57:40] "POST /dontgiveup/logged HTTP/1.1" 200 605
<QuerySet []>
로그인 실패
[07/Sep/2021 09:57:45] "POST /dontgiveup/logged HTTP/1.1" 200 605
[07/Sep/2021 09:57:46] "GET /dontgiveup/login HTTP/1.1" 200 2323
<QuerySet [<User: User object (99)>]>
로그인 성공
<QuerySet [<User: User object (99)>]>
User object (99)
Internal Server Error: /dontgiveup/logged
Traceback (most recent call last):
  File "/usr/local/lib/python3.6/dist-packages/django/core/handlers/exception.py", line 47, in inner
    response = get_response(request)
  File "/usr/local/lib/python3.6/dist-packages/django/core/handlers/base.py", line 181, in _get_response
    response = wrapped_callback(request, *callback_args, **callback_kwargs)
  File "/root/ssac_django/first_homePage/member/views.py", line 40, in logged
    isLogged = User.objects.get(username=logged_member[0].username)
  File "/usr/local/lib/python3.6/dist-packages/django/db/models/manager.py", line 85, in manager_method
    return getattr(self.get_queryset(), name)(*args, **kwargs)
  File "/usr/local/lib/python3.6/dist-packages/django/db/models/query.py", line 442, in get
    num if not limit or num < limit else 'more than %s' % (limit - 1),
member.models.User.MultipleObjectsReturned: get() returned more than one User -- it returned 2!
[07/Sep/2021 09:58:13] "POST /dontgiveup/logged HTTP/1.1" 500 69279
[07/Sep/2021 09:58:25] "GET /dontgiveup/login HTTP/1.1" 200 2323
<QuerySet [<User: User object (96)>]>
로그인 성공
<QuerySet [<User: User object (96)>]>
User object (96)
User object (96)
[07/Sep/2021 09:58:38] "POST /dontgiveup/logged HTTP/1.1" 200 3654
[07/Sep/2021 09:58:46] "POST /dontgiveup/logout HTTP/1.1" 200 2323
<QuerySet [<User: User object (96)>]>
로그인 성공
<QuerySet [<User: User object (96)>]>
User object (96)
User object (96)
[07/Sep/2021 09:58:57] "POST /dontgiveup/logged HTTP/1.1" 200 3654
호출됨
[07/Sep/2021 09:59:03] "POST /dontgiveup/update HTTP/1.1" 200 2323
<QuerySet []>
로그인 실패
[07/Sep/2021 10:09:23] "GET /dontgiveup/logged HTTP/1.1" 200 605
[07/Sep/2021 10:09:25] "GET /dontgiveup/login HTTP/1.1" 200 2323
[07/Sep/2021 10:09:34] "GET /dontgiveup/register HTTP/1.1" 200 3453
[07/Sep/2021 11:35:17] "GET /admin/member/user/98/change/ HTTP/1.1" 302 0
[07/Sep/2021 11:35:17] "GET /admin/login/?next=/admin/member/user/98/change/ HTTP/1.1" 200 2271
[07/Sep/2021 11:35:17] "GET /static/admin/css/login.css HTTP/1.1" 200 939
[07/Sep/2021 11:35:24] "POST /admin/login/?next=/admin/member/user/98/change/ HTTP/1.1" 302 0
[07/Sep/2021 11:35:24] "GET /admin/member/user/98/change/ HTTP/1.1" 200 6946
[07/Sep/2021 11:35:24] "GET /admin/jsi18n/ HTTP/1.1" 200 8330
Forbidden (CSRF token missing or incorrect.): /dontgiveup/logged
[07/Sep/2021 11:35:55] "POST /dontgiveup/logged HTTP/1.1" 403 2544
Forbidden (CSRF token missing or incorrect.): /dontgiveup/update
[07/Sep/2021 11:36:02] "POST /dontgiveup/update HTTP/1.1" 403 2544
Forbidden (CSRF token missing or incorrect.): /dontgiveup/logged
[07/Sep/2021 11:36:05] "POST /dontgiveup/logged HTTP/1.1" 403 2544
[07/Sep/2021 11:36:10] "GET /dontgiveup/login HTTP/1.1" 200 2323
[07/Sep/2021 11:36:28] "GET /admin/member/user/ HTTP/1.1" 200 6579
[07/Sep/2021 11:36:28] "GET /admin/jsi18n/ HTTP/1.1" 200 8330
[07/Sep/2021 11:36:29] "GET /admin/member/user/96/change/ HTTP/1.1" 200 6945
[07/Sep/2021 11:36:29] "GET /admin/jsi18n/ HTTP/1.1" 200 8330
<QuerySet []>
로그인 실패
[07/Sep/2021 11:36:38] "POST /dontgiveup/logged HTTP/1.1" 200 605
[07/Sep/2021 11:36:49] "GET /dontgiveup/login HTTP/1.1" 200 2323
<QuerySet [<User: User object (96)>]>
로그인 성공
<QuerySet [<User: User object (96)>]>
User object (96)
User object (96)
[07/Sep/2021 11:36:58] "POST /dontgiveup/logged HTTP/1.1" 200 3654
[07/Sep/2021 11:37:00] "POST /dontgiveup/goShop HTTP/1.1" 200 15586
[07/Sep/2021 11:37:00] "GET /static/css/styles.css HTTP/1.1" 304 0
[07/Sep/2021 11:37:00] "GET /static/js/scripts.js HTTP/1.1" 304 0
[07/Sep/2021 11:37:00] "GET /static/images/11.PNG HTTP/1.1" 304 0
[07/Sep/2021 11:37:00] "GET /static/images/22.PNG HTTP/1.1" 304 0
[07/Sep/2021 11:37:00] "GET /static/images/33.PNG HTTP/1.1" 304 0
[07/Sep/2021 11:37:00] "GET /static/images/44.PNG HTTP/1.1" 304 0
[07/Sep/2021 11:37:00] "GET /static/images/55.PNG HTTP/1.1" 304 0
[07/Sep/2021 11:37:00] "GET /static/images/6.PNG HTTP/1.1" 304 0
[07/Sep/2021 11:37:00] "GET /static/images/77.PNG HTTP/1.1" 304 0
[07/Sep/2021 11:37:00] "GET /static/images/88.PNG HTTP/1.1" 304 0
<QuerySet []>
로그인 실패
[07/Sep/2021 11:37:12] "GET /dontgiveup/logged HTTP/1.1" 200 605
[07/Sep/2021 11:37:17] "GET /dontgiveup/goShop? HTTP/1.1" 200 15586
[07/Sep/2021 11:38:46] "GET /admin/member/user/96/change/ HTTP/1.1" 200 6945
[07/Sep/2021 11:38:46] "GET /admin/jsi18n/ HTTP/1.1" 200 8330
[07/Sep/2021 11:38:47] "GET /admin/member/user/96/change/ HTTP/1.1" 200 6945
[07/Sep/2021 11:38:47] "GET /admin/jsi18n/ HTTP/1.1" 200 8330
[07/Sep/2021 11:38:48] "GET /admin/member/user/96/change/ HTTP/1.1" 200 6945
[07/Sep/2021 11:38:48] "GET /admin/jsi18n/ HTTP/1.1" 200 8330
[07/Sep/2021 11:38:52] "GET /admin/member/user/96/change/ HTTP/1.1" 200 6945
[07/Sep/2021 11:38:53] "GET /admin/jsi18n/ HTTP/1.1" 200 8330
[07/Sep/2021 11:38:53] "GET /admin/member/user/96/change/ HTTP/1.1" 200 6945
[07/Sep/2021 11:38:53] "GET /admin/jsi18n/ HTTP/1.1" 200 8330
[07/Sep/2021 11:38:53] "GET /admin/member/user/96/change/ HTTP/1.1" 200 6945
[07/Sep/2021 11:38:53] "GET /admin/jsi18n/ HTTP/1.1" 200 8330
[07/Sep/2021 11:38:53] "GET /admin/member/user/96/change/ HTTP/1.1" 200 6945
[07/Sep/2021 11:38:54] "GET /admin/jsi18n/ HTTP/1.1" 200 8330
[07/Sep/2021 11:38:54] "GET /admin/member/user/96/change/ HTTP/1.1" 200 6945
[07/Sep/2021 11:38:54] "GET /admin/jsi18n/ HTTP/1.1" 200 8330
[07/Sep/2021 11:38:55] "GET /dontgiveup/goShop? HTTP/1.1" 200 15586
[07/Sep/2021 11:38:56] "GET /dontgiveup/goShop? HTTP/1.1" 200 15586
[07/Sep/2021 11:38:56] "GET /dontgiveup/goShop? HTTP/1.1" 200 15586
[07/Sep/2021 11:38:56] "GET /dontgiveup/goShop? HTTP/1.1" 200 15586
